C:\USERS\MARC\DESKTOP\TACTICAL_ELEMENT\RELEASE\TACTICAL_ELEMENT.EXE
C:\USERS\MARC\DESKTOP\TACTICAL_ELEMENT\RELEASE\TACTICAL_ELEMENT.PDB
C:\USERS\MARC\DESKTOP\TACTICAL_ELEMENT\TACTICAL_ELEMENT\RELEASE\CASE.OBJ
C:\USERS\MARC\DESKTOP\TACTICAL_ELEMENT\TACTICAL_ELEMENT\RELEASE\DISPLAY.OBJ
C:\USERS\MARC\DESKTOP\TACTICAL_ELEMENT\TACTICAL_ELEMENT\RELEASE\EFFECT.OBJ
C:\USERS\MARC\DESKTOP\TACTICAL_ELEMENT\TACTICAL_ELEMENT\RELEASE\EVENT.OBJ
C:\USERS\MARC\DESKTOP\TACTICAL_ELEMENT\TACTICAL_ELEMENT\RELEASE\GAMEENGINE.OBJ
C:\USERS\MARC\DESKTOP\TACTICAL_ELEMENT\TACTICAL_ELEMENT\RELEASE\GAMEMENU.OBJ
C:\USERS\MARC\DESKTOP\TACTICAL_ELEMENT\TACTICAL_ELEMENT\RELEASE\GRAPHIC.OBJ
C:\USERS\MARC\DESKTOP\TACTICAL_ELEMENT\TACTICAL_ELEMENT\RELEASE\MAIN.OBJ
C:\USERS\MARC\DESKTOP\TACTICAL_ELEMENT\TACTICAL_ELEMENT\RELEASE\MAP.OBJ
C:\USERS\MARC\DESKTOP\TACTICAL_ELEMENT\TACTICAL_ELEMENT\RELEASE\POS.OBJ
C:\USERS\MARC\DESKTOP\TACTICAL_ELEMENT\TACTICAL_ELEMENT\RELEASE\RESSOURCES.OBJ
C:\USERS\MARC\DESKTOP\TACTICAL_ELEMENT\TACTICAL_ELEMENT\RELEASE\SETTINGS.OBJ
C:\USERS\MARC\DESKTOP\TACTICAL_ELEMENT\TACTICAL_ELEMENT\RELEASE\SOUNDENGINE.OBJ
C:\USERS\MARC\DESKTOP\TACTICAL_ELEMENT\TACTICAL_ELEMENT\RELEASE\SPELL.OBJ
C:\USERS\MARC\DESKTOP\TACTICAL_ELEMENT\TACTICAL_ELEMENT\RELEASE\SPELLDIRECT.OBJ
C:\USERS\MARC\DESKTOP\TACTICAL_ELEMENT\TACTICAL_ELEMENT\RELEASE\TACTICAL_ELEMENT.EXE.INTERMEDIATE.MANIFEST
C:\USERS\MARC\DESKTOP\TACTICAL_ELEMENT\TACTICAL_ELEMENT\RELEASE\TACTICAL_ELEMENT.RES
C:\USERS\MARC\DESKTOP\TACTICAL_ELEMENT\TACTICAL_ELEMENT\RELEASE\TEAM.OBJ
C:\USERS\MARC\DESKTOP\TACTICAL_ELEMENT\TACTICAL_ELEMENT\RELEASE\TEXTMENU.OBJ
C:\USERS\MARC\DESKTOP\TACTICAL_ELEMENT\TACTICAL_ELEMENT\RELEASE\UNIT.OBJ
C:\USERS\MARC\DESKTOP\TACTICAL_ELEMENT\TACTICAL_ELEMENT\RELEASE\UTILS.OBJ
C:\USERS\MARC\DESKTOP\TACTICAL_ELEMENT\TACTICAL_ELEMENT\RELEASE\VC100.PDB
C:\USERS\MARC\DOCUMENTS\GITHUB\TACTICALELEM\TACTICAL_ELEMENT\RELEASE\TACTICAL_ELEMENT.EXE
C:\USERS\MARC\DOCUMENTS\GITHUB\TACTICALELEM\TACTICAL_ELEMENT\RELEASE\TACTICAL_ELEMENT.PDB
C:\USERS\MARC\DOCUMENTS\GITHUB\TACTICALELEM\TACTICAL_ELEMENT\TACTICAL_ELEMENT\RELEASE\CASE.OBJ
C:\Users\Marc\Documents\GitHub\TacticalElem\Tactical_Element\Tactical_Element\Release\cl.command.1.tlog
C:\Users\Marc\Documents\GitHub\TacticalElem\Tactical_Element\Tactical_Element\Release\CL.read.1.tlog
C:\Users\Marc\Documents\GitHub\TacticalElem\Tactical_Element\Tactical_Element\Release\CL.write.1.tlog
C:\USERS\MARC\DOCUMENTS\GITHUB\TACTICALELEM\TACTICAL_ELEMENT\TACTICAL_ELEMENT\RELEASE\DISPLAY.OBJ
C:\USERS\MARC\DOCUMENTS\GITHUB\TACTICALELEM\TACTICAL_ELEMENT\TACTICAL_ELEMENT\RELEASE\EFFECT.OBJ
C:\USERS\MARC\DOCUMENTS\GITHUB\TACTICALELEM\TACTICAL_ELEMENT\TACTICAL_ELEMENT\RELEASE\EVENT.OBJ
C:\USERS\MARC\DOCUMENTS\GITHUB\TACTICALELEM\TACTICAL_ELEMENT\TACTICAL_ELEMENT\RELEASE\GAMEENGINE.OBJ
C:\USERS\MARC\DOCUMENTS\GITHUB\TACTICALELEM\TACTICAL_ELEMENT\TACTICAL_ELEMENT\RELEASE\GAMEMENU.OBJ
C:\USERS\MARC\DOCUMENTS\GITHUB\TACTICALELEM\TACTICAL_ELEMENT\TACTICAL_ELEMENT\RELEASE\GRAPHIC.OBJ
C:\Users\Marc\Documents\GitHub\TacticalElem\Tactical_Element\Tactical_Element\Release\link.command.1.tlog
C:\Users\Marc\Documents\GitHub\TacticalElem\Tactical_Element\Tactical_Element\Release\link.read.1.tlog
C:\Users\Marc\Documents\GitHub\TacticalElem\Tactical_Element\Tactical_Element\Release\link.write.1.tlog
C:\Users\Marc\Documents\GitHub\TacticalElem\Tactical_Element\Tactical_Element\Release\link-cvtres.read.1.tlog
C:\Users\Marc\Documents\GitHub\TacticalElem\Tactical_Element\Tactical_Element\Release\link-cvtres.write.1.tlog
C:\USERS\MARC\DOCUMENTS\GITHUB\TACTICALELEM\TACTICAL_ELEMENT\TACTICAL_ELEMENT\RELEASE\MAIN.OBJ
C:\USERS\MARC\DOCUMENTS\GITHUB\TACTICALELEM\TACTICAL_ELEMENT\TACTICAL_ELEMENT\RELEASE\MAP.OBJ
C:\Users\Marc\Documents\GitHub\TacticalElem\Tactical_Element\Tactical_Element\Release\mt.command.1.tlog
C:\Users\Marc\Documents\GitHub\TacticalElem\Tactical_Element\Tactical_Element\Release\mt.read.1.tlog
C:\Users\Marc\Documents\GitHub\TacticalElem\Tactical_Element\Tactical_Element\Release\mt.write.1.tlog
C:\USERS\MARC\DOCUMENTS\GITHUB\TACTICALELEM\TACTICAL_ELEMENT\TACTICAL_ELEMENT\RELEASE\POS.OBJ
C:\Users\Marc\Documents\GitHub\TacticalElem\Tactical_Element\Tactical_Element\Release\rc.command.1.tlog
C:\Users\Marc\Documents\GitHub\TacticalElem\Tactical_Element\Tactical_Element\Release\rc.read.1.tlog
C:\Users\Marc\Documents\GitHub\TacticalElem\Tactical_Element\Tactical_Element\Release\rc.write.1.tlog
C:\USERS\MARC\DOCUMENTS\GITHUB\TACTICALELEM\TACTICAL_ELEMENT\TACTICAL_ELEMENT\RELEASE\RESSOURCES.OBJ
C:\USERS\MARC\DOCUMENTS\GITHUB\TACTICALELEM\TACTICAL_ELEMENT\TACTICAL_ELEMENT\RELEASE\SETTINGS.OBJ
C:\USERS\MARC\DOCUMENTS\GITHUB\TACTICALELEM\TACTICAL_ELEMENT\TACTICAL_ELEMENT\RELEASE\SOUNDENGINE.OBJ
C:\USERS\MARC\DOCUMENTS\GITHUB\TACTICALELEM\TACTICAL_ELEMENT\TACTICAL_ELEMENT\RELEASE\SPELL.OBJ
C:\USERS\MARC\DOCUMENTS\GITHUB\TACTICALELEM\TACTICAL_ELEMENT\TACTICAL_ELEMENT\RELEASE\SPELLDIRECT.OBJ
C:\USERS\MARC\DOCUMENTS\GITHUB\TACTICALELEM\TACTICAL_ELEMENT\TACTICAL_ELEMENT\RELEASE\TACTICAL_ELEMENT.EXE.INTERMEDIATE.MANIFEST
C:\USERS\MARC\DOCUMENTS\GITHUB\TACTICALELEM\TACTICAL_ELEMENT\TACTICAL_ELEMENT\RELEASE\TACTICAL_ELEMENT.RES
C:\Users\Marc\Documents\GitHub\TacticalElem\Tactical_Element\Tactical_Element\Release\Tactical_Element.vcxprojResolveAssemblyReference.cache
C:\Users\Marc\Documents\GitHub\TacticalElem\Tactical_Element\Tactical_Element\Release\Tactical_Element.write.1.tlog
C:\USERS\MARC\DOCUMENTS\GITHUB\TACTICALELEM\TACTICAL_ELEMENT\TACTICAL_ELEMENT\RELEASE\TEAM.OBJ
C:\USERS\MARC\DOCUMENTS\GITHUB\TACTICALELEM\TACTICAL_ELEMENT\TACTICAL_ELEMENT\RELEASE\TEXTMENU.OBJ
C:\USERS\MARC\DOCUMENTS\GITHUB\TACTICALELEM\TACTICAL_ELEMENT\TACTICAL_ELEMENT\RELEASE\UNIT.OBJ
C:\USERS\MARC\DOCUMENTS\GITHUB\TACTICALELEM\TACTICAL_ELEMENT\TACTICAL_ELEMENT\RELEASE\UTILS.OBJ
C:\USERS\MARC\DOCUMENTS\GITHUB\TACTICALELEM\TACTICAL_ELEMENT\TACTICAL_ELEMENT\RELEASE\VC100.PDB
