C:\USERS\MARC\DESKTOP\TACTICAL_ELEMENT\DEBUG\TACTICAL_ELEMENT.EXE
C:\USERS\MARC\DESKTOP\TACTICAL_ELEMENT\DEBUG\TACTICAL_ELEMENT.ILK
C:\USERS\MARC\DESKTOP\TACTICAL_ELEMENT\DEBUG\TACTICAL_ELEMENT.PDB
C:\USERS\MARC\DESKTOP\TACTICAL_ELEMENT\TACTICAL_ELEMENT\DEBUG\AUNIT.OBJ
C:\USERS\MARC\DESKTOP\TACTICAL_ELEMENT\TACTICAL_ELEMENT\DEBUG\CASE.OBJ
C:\USERS\MARC\DESKTOP\TACTICAL_ELEMENT\TACTICAL_ELEMENT\DEBUG\DISPLAY.OBJ
C:\USERS\MARC\DESKTOP\TACTICAL_ELEMENT\TACTICAL_ELEMENT\DEBUG\EVENT.OBJ
C:\USERS\MARC\DESKTOP\TACTICAL_ELEMENT\TACTICAL_ELEMENT\DEBUG\GAMEENGINE.OBJ
C:\USERS\MARC\DESKTOP\TACTICAL_ELEMENT\TACTICAL_ELEMENT\DEBUG\GAMEMENU.OBJ
C:\USERS\MARC\DESKTOP\TACTICAL_ELEMENT\TACTICAL_ELEMENT\DEBUG\GRAPHIC.OBJ
C:\USERS\MARC\DESKTOP\TACTICAL_ELEMENT\TACTICAL_ELEMENT\DEBUG\MAIN.OBJ
C:\USERS\MARC\DESKTOP\TACTICAL_ELEMENT\TACTICAL_ELEMENT\DEBUG\MAP.OBJ
C:\USERS\MARC\DESKTOP\TACTICAL_ELEMENT\TACTICAL_ELEMENT\DEBUG\RESSOURCES.OBJ
C:\USERS\MARC\DESKTOP\TACTICAL_ELEMENT\TACTICAL_ELEMENT\DEBUG\SETTINGS.OBJ
C:\USERS\MARC\DESKTOP\TACTICAL_ELEMENT\TACTICAL_ELEMENT\DEBUG\SOUNDENGINE.OBJ
C:\USERS\MARC\DESKTOP\TACTICAL_ELEMENT\TACTICAL_ELEMENT\DEBUG\SPELL.OBJ
C:\USERS\MARC\DESKTOP\TACTICAL_ELEMENT\TACTICAL_ELEMENT\DEBUG\SPELLPATTERN.OBJ
C:\USERS\MARC\DESKTOP\TACTICAL_ELEMENT\TACTICAL_ELEMENT\DEBUG\TACTICAL_ELEMENT.EXE.INTERMEDIATE.MANIFEST
C:\USERS\MARC\DESKTOP\TACTICAL_ELEMENT\TACTICAL_ELEMENT\DEBUG\TACTICAL_ELEMENT.RES
C:\USERS\MARC\DESKTOP\TACTICAL_ELEMENT\TACTICAL_ELEMENT\DEBUG\TEAM.OBJ
C:\USERS\MARC\DESKTOP\TACTICAL_ELEMENT\TACTICAL_ELEMENT\DEBUG\TEXTMENU.OBJ
C:\USERS\MARC\DESKTOP\TACTICAL_ELEMENT\TACTICAL_ELEMENT\DEBUG\UTILS.OBJ
C:\USERS\MARC\DESKTOP\TACTICAL_ELEMENT\TACTICAL_ELEMENT\DEBUG\VC100.PDB
C:\Users\Marc\Documents\GitHub\TacticalElem\Tactical_Element\Debug\Tactical_Element.exe
C:\Users\Marc\Documents\GitHub\TacticalElem\Tactical_Element\Debug\Tactical_Element.ilk
C:\Users\Marc\Documents\GitHub\TacticalElem\Tactical_Element\Debug\Tactical_Element.pdb
C:\Users\Marc\Documents\GitHub\TacticalElem\Tactical_Element\Tactical_Element\Debug\AUnit.obj
C:\Users\Marc\Documents\GitHub\TacticalElem\Tactical_Element\Tactical_Element\Debug\Case.obj
C:\Users\Marc\Documents\GitHub\TacticalElem\Tactical_Element\Tactical_Element\Debug\cl.command.1.tlog
C:\Users\Marc\Documents\GitHub\TacticalElem\Tactical_Element\Tactical_Element\Debug\CL.read.1.tlog
C:\Users\Marc\Documents\GitHub\TacticalElem\Tactical_Element\Tactical_Element\Debug\CL.write.1.tlog
C:\Users\Marc\Documents\GitHub\TacticalElem\Tactical_Element\Tactical_Element\Debug\Display.obj
C:\Users\Marc\Documents\GitHub\TacticalElem\Tactical_Element\Tactical_Element\Debug\Event.obj
C:\Users\Marc\Documents\GitHub\TacticalElem\Tactical_Element\Tactical_Element\Debug\GameEngine.obj
C:\Users\Marc\Documents\GitHub\TacticalElem\Tactical_Element\Tactical_Element\Debug\GameMenu.obj
C:\Users\Marc\Documents\GitHub\TacticalElem\Tactical_Element\Tactical_Element\Debug\Graphic.obj
C:\Users\Marc\Documents\GitHub\TacticalElem\Tactical_Element\Tactical_Element\Debug\link.command.1.tlog
C:\Users\Marc\Documents\GitHub\TacticalElem\Tactical_Element\Tactical_Element\Debug\link.read.1.tlog
C:\Users\Marc\Documents\GitHub\TacticalElem\Tactical_Element\Tactical_Element\Debug\link.read.2.tlog
C:\Users\Marc\Documents\GitHub\TacticalElem\Tactical_Element\Tactical_Element\Debug\link.write.1.tlog
C:\Users\Marc\Documents\GitHub\TacticalElem\Tactical_Element\Tactical_Element\Debug\link-cvtres.read.1.tlog
C:\Users\Marc\Documents\GitHub\TacticalElem\Tactical_Element\Tactical_Element\Debug\link-cvtres.write.1.tlog
C:\Users\Marc\Documents\GitHub\TacticalElem\Tactical_Element\Tactical_Element\Debug\main.obj
C:\Users\Marc\Documents\GitHub\TacticalElem\Tactical_Element\Tactical_Element\Debug\Map.obj
C:\Users\Marc\Documents\GitHub\TacticalElem\Tactical_Element\Tactical_Element\Debug\mt.command.1.tlog
C:\Users\Marc\Documents\GitHub\TacticalElem\Tactical_Element\Tactical_Element\Debug\mt.read.1.tlog
C:\Users\Marc\Documents\GitHub\TacticalElem\Tactical_Element\Tactical_Element\Debug\mt.write.1.tlog
C:\Users\Marc\Documents\GitHub\TacticalElem\Tactical_Element\Tactical_Element\Debug\rc.command.1.tlog
C:\Users\Marc\Documents\GitHub\TacticalElem\Tactical_Element\Tactical_Element\Debug\rc.read.1.tlog
C:\Users\Marc\Documents\GitHub\TacticalElem\Tactical_Element\Tactical_Element\Debug\rc.write.1.tlog
C:\Users\Marc\Documents\GitHub\TacticalElem\Tactical_Element\Tactical_Element\Debug\Ressources.obj
C:\Users\Marc\Documents\GitHub\TacticalElem\Tactical_Element\Tactical_Element\Debug\Settings.obj
C:\Users\Marc\Documents\GitHub\TacticalElem\Tactical_Element\Tactical_Element\Debug\SoundEngine.obj
C:\Users\Marc\Documents\GitHub\TacticalElem\Tactical_Element\Tactical_Element\Debug\Spell.obj
C:\Users\Marc\Documents\GitHub\TacticalElem\Tactical_Element\Tactical_Element\Debug\SpellPattern.obj
C:\Users\Marc\Documents\GitHub\TacticalElem\Tactical_Element\Tactical_Element\Debug\Tactical_Element.exe.intermediate.manifest
C:\Users\Marc\Documents\GitHub\TacticalElem\Tactical_Element\Tactical_Element\Debug\Tactical_Element.res
C:\Users\Marc\Documents\GitHub\TacticalElem\Tactical_Element\Tactical_Element\Debug\Tactical_Element.vcxprojResolveAssemblyReference.cache
C:\Users\Marc\Documents\GitHub\TacticalElem\Tactical_Element\Tactical_Element\Debug\Tactical_Element.write.1.tlog
C:\Users\Marc\Documents\GitHub\TacticalElem\Tactical_Element\Tactical_Element\Debug\Team.obj
C:\Users\Marc\Documents\GitHub\TacticalElem\Tactical_Element\Tactical_Element\Debug\TextMenu.obj
C:\Users\Marc\Documents\GitHub\TacticalElem\Tactical_Element\Tactical_Element\Debug\Utils.obj
C:\Users\Marc\Documents\GitHub\TacticalElem\Tactical_Element\Tactical_Element\Debug\vc100.idb
C:\Users\Marc\Documents\GitHub\TacticalElem\Tactical_Element\Tactical_Element\Debug\vc100.pdb
